[2023-11-30 06:04:41] local.ERROR: Uncaught ReflectionException: Class App\Policies\ModelPolicy does not exist in Command line code:1
Stack trace:
#0 Command line code(1): ReflectionClass->__construct('App\\Policies\\Mo...')
#1 [internal function]: {closure}('App\\Policies\\Mo...', 'App\\Model')
#2 Command line code(1): array_map(Object(Closure), Array, Array)
#3 {main}
  thrown {"exception":"[object] (Symfony\\Component\\Debug\\Exception\\FatalErrorException(code: 1): Uncaught ReflectionException: Class App\\Policies\\ModelPolicy does not exist in Command line code:1
Stack trace:
#0 Command line code(1): ReflectionClass->__construct('App\\\\Policies\\\\Mo...')
#1 [internal function]: {closure}('App\\\\Policies\\\\Mo...', 'App\\\\Model')
#2 Command line code(1): array_map(Object(Closure), Array, Array)
#3 {main}
  thrown at Command line code:1)
[stacktrace]
#0 {main}
"} 
[2023-11-30 06:04:41] local.ERROR: Uncaught Symfony\Component\Finder\Exception\DirectoryNotFoundException: The "D:\Laravel Project\Clicky Pos 4.7.8\POS-V4.7.8\custom_views" directory does not exist. in D:\Laravel Project\Clicky Pos 4.7.8\POS-V4.7.8\vendor\symfony\finder\Finder.php:603
Stack trace:
#0 D:\Laravel Project\Clicky Pos 4.7.8\POS-V4.7.8\vendor\laravel\framework\src\Illuminate\Filesystem\Filesystem.php(414): Symfony\Component\Finder\Finder->in('D:\\Laravel Proj...')
#1 Command line code(1): Illuminate\Filesystem\Filesystem->files('D:\\Laravel Proj...')
#2 Command line code(1): getViews('D:\\Laravel Proj...', Object(Illuminate\Filesystem\Filesystem))
#3 {main}
  thrown {"exception":"[object] (Symfony\\Component\\Debug\\Exception\\FatalErrorException(code: 1): Uncaught Symfony\\Component\\Finder\\Exception\\DirectoryNotFoundException: The \"D:\\Laravel Project\\Clicky Pos 4.7.8\\POS-V4.7.8\\custom_views\" directory does not exist. in D:\\Laravel Project\\Clicky Pos 4.7.8\\POS-V4.7.8\\vendor\\symfony\\finder\\Finder.php:603
Stack trace:
#0 D:\\Laravel Project\\Clicky Pos 4.7.8\\POS-V4.7.8\\vendor\\laravel\\framework\\src\\Illuminate\\Filesystem\\Filesystem.php(414): Symfony\\Component\\Finder\\Finder->in('D:\\\\Laravel Proj...')
#1 Command line code(1): Illuminate\\Filesystem\\Filesystem->files('D:\\\\Laravel Proj...')
#2 Command line code(1): getViews('D:\\\\Laravel Proj...', Object(Illuminate\\Filesystem\\Filesystem))
#3 {main}
  thrown at D:\\Laravel Project\\Clicky Pos 4.7.8\\POS-V4.7.8\\vendor\\symfony\\finder\\Finder.php:603)
[stacktrace]
#0 {main}
"} 
[2023-11-30 06:04:41] local.ERROR: Uncaught ReflectionException: Class App\Policies\ModelPolicy does not exist in Command line code:1
Stack trace:
#0 Command line code(1): ReflectionClass->__construct('App\\Policies\\Mo...')
#1 [internal function]: {closure}('App\\Policies\\Mo...', 'App\\Model')
#2 Command line code(1): array_map(Object(Closure), Array, Array)
#3 {main}
  thrown {"exception":"[object] (Symfony\\Component\\Debug\\Exception\\FatalErrorException(code: 1): Uncaught ReflectionException: Class App\\Policies\\ModelPolicy does not exist in Command line code:1
Stack trace:
#0 Command line code(1): ReflectionClass->__construct('App\\\\Policies\\\\Mo...')
#1 [internal function]: {closure}('App\\\\Policies\\\\Mo...', 'App\\\\Model')
#2 Command line code(1): array_map(Object(Closure), Array, Array)
#3 {main}
  thrown at Command line code:1)
[stacktrace]
#0 {main}
"} 
[2023-11-30 06:04:46] local.ERROR: Uncaught Symfony\Component\Finder\Exception\DirectoryNotFoundException: The "D:\Laravel Project\Clicky Pos 4.7.8\POS-V4.7.8\custom_views" directory does not exist. in D:\Laravel Project\Clicky Pos 4.7.8\POS-V4.7.8\vendor\symfony\finder\Finder.php:603
Stack trace:
#0 D:\Laravel Project\Clicky Pos 4.7.8\POS-V4.7.8\vendor\laravel\framework\src\Illuminate\Filesystem\Filesystem.php(414): Symfony\Component\Finder\Finder->in('D:\\Laravel Proj...')
#1 Command line code(1): Illuminate\Filesystem\Filesystem->files('D:\\Laravel Proj...')
#2 Command line code(1): getViews('D:\\Laravel Proj...', Object(Illuminate\Filesystem\Filesystem))
#3 {main}
  thrown {"exception":"[object] (Symfony\\Component\\Debug\\Exception\\FatalErrorException(code: 1): Uncaught Symfony\\Component\\Finder\\Exception\\DirectoryNotFoundException: The \"D:\\Laravel Project\\Clicky Pos 4.7.8\\POS-V4.7.8\\custom_views\" directory does not exist. in D:\\Laravel Project\\Clicky Pos 4.7.8\\POS-V4.7.8\\vendor\\symfony\\finder\\Finder.php:603
Stack trace:
#0 D:\\Laravel Project\\Clicky Pos 4.7.8\\POS-V4.7.8\\vendor\\laravel\\framework\\src\\Illuminate\\Filesystem\\Filesystem.php(414): Symfony\\Component\\Finder\\Finder->in('D:\\\\Laravel Proj...')
#1 Command line code(1): Illuminate\\Filesystem\\Filesystem->files('D:\\\\Laravel Proj...')
#2 Command line code(1): getViews('D:\\\\Laravel Proj...', Object(Illuminate\\Filesystem\\Filesystem))
#3 {main}
  thrown at D:\\Laravel Project\\Clicky Pos 4.7.8\\POS-V4.7.8\\vendor\\symfony\\finder\\Finder.php:603)
[stacktrace]
#0 {main}
"} 
[2023-11-30 06:04:51] local.ERROR: Uncaught Symfony\Component\Finder\Exception\DirectoryNotFoundException: The "D:\Laravel Project\Clicky Pos 4.7.8\POS-V4.7.8\custom_views" directory does not exist. in D:\Laravel Project\Clicky Pos 4.7.8\POS-V4.7.8\vendor\symfony\finder\Finder.php:603
Stack trace:
#0 D:\Laravel Project\Clicky Pos 4.7.8\POS-V4.7.8\vendor\laravel\framework\src\Illuminate\Filesystem\Filesystem.php(414): Symfony\Component\Finder\Finder->in('D:\\Laravel Proj...')
#1 Command line code(1): Illuminate\Filesystem\Filesystem->files('D:\\Laravel Proj...')
#2 Command line code(1): getViews('D:\\Laravel Proj...', Object(Illuminate\Filesystem\Filesystem))
#3 {main}
  thrown {"exception":"[object] (Symfony\\Component\\Debug\\Exception\\FatalErrorException(code: 1): Uncaught Symfony\\Component\\Finder\\Exception\\DirectoryNotFoundException: The \"D:\\Laravel Project\\Clicky Pos 4.7.8\\POS-V4.7.8\\custom_views\" directory does not exist. in D:\\Laravel Project\\Clicky Pos 4.7.8\\POS-V4.7.8\\vendor\\symfony\\finder\\Finder.php:603
Stack trace:
#0 D:\\Laravel Project\\Clicky Pos 4.7.8\\POS-V4.7.8\\vendor\\laravel\\framework\\src\\Illuminate\\Filesystem\\Filesystem.php(414): Symfony\\Component\\Finder\\Finder->in('D:\\\\Laravel Proj...')
#1 Command line code(1): Illuminate\\Filesystem\\Filesystem->files('D:\\\\Laravel Proj...')
#2 Command line code(1): getViews('D:\\\\Laravel Proj...', Object(Illuminate\\Filesystem\\Filesystem))
#3 {main}
  thrown at D:\\Laravel Project\\Clicky Pos 4.7.8\\POS-V4.7.8\\vendor\\symfony\\finder\\Finder.php:603)
[stacktrace]
#0 {main}
"} 
[2023-11-30 06:04:56] local.ERROR: Uncaught Symfony\Component\Finder\Exception\DirectoryNotFoundException: The "D:\Laravel Project\Clicky Pos 4.7.8\POS-V4.7.8\custom_views" directory does not exist. in D:\Laravel Project\Clicky Pos 4.7.8\POS-V4.7.8\vendor\symfony\finder\Finder.php:603
Stack trace:
#0 D:\Laravel Project\Clicky Pos 4.7.8\POS-V4.7.8\vendor\laravel\framework\src\Illuminate\Filesystem\Filesystem.php(414): Symfony\Component\Finder\Finder->in('D:\\Laravel Proj...')
#1 Command line code(1): Illuminate\Filesystem\Filesystem->files('D:\\Laravel Proj...')
#2 Command line code(1): getViews('D:\\Laravel Proj...', Object(Illuminate\Filesystem\Filesystem))
#3 {main}
  thrown {"exception":"[object] (Symfony\\Component\\Debug\\Exception\\FatalErrorException(code: 1): Uncaught Symfony\\Component\\Finder\\Exception\\DirectoryNotFoundException: The \"D:\\Laravel Project\\Clicky Pos 4.7.8\\POS-V4.7.8\\custom_views\" directory does not exist. in D:\\Laravel Project\\Clicky Pos 4.7.8\\POS-V4.7.8\\vendor\\symfony\\finder\\Finder.php:603
Stack trace:
#0 D:\\Laravel Project\\Clicky Pos 4.7.8\\POS-V4.7.8\\vendor\\laravel\\framework\\src\\Illuminate\\Filesystem\\Filesystem.php(414): Symfony\\Component\\Finder\\Finder->in('D:\\\\Laravel Proj...')
#1 Command line code(1): Illuminate\\Filesystem\\Filesystem->files('D:\\\\Laravel Proj...')
#2 Command line code(1): getViews('D:\\\\Laravel Proj...', Object(Illuminate\\Filesystem\\Filesystem))
#3 {main}
  thrown at D:\\Laravel Project\\Clicky Pos 4.7.8\\POS-V4.7.8\\vendor\\symfony\\finder\\Finder.php:603)
[stacktrace]
#0 {main}
"} 
[2023-11-30 06:05:01] local.ERROR: Uncaught Symfony\Component\Finder\Exception\DirectoryNotFoundException: The "D:\Laravel Project\Clicky Pos 4.7.8\POS-V4.7.8\custom_views" directory does not exist. in D:\Laravel Project\Clicky Pos 4.7.8\POS-V4.7.8\vendor\symfony\finder\Finder.php:603
Stack trace:
#0 D:\Laravel Project\Clicky Pos 4.7.8\POS-V4.7.8\vendor\laravel\framework\src\Illuminate\Filesystem\Filesystem.php(414): Symfony\Component\Finder\Finder->in('D:\\Laravel Proj...')
#1 Command line code(1): Illuminate\Filesystem\Filesystem->files('D:\\Laravel Proj...')
#2 Command line code(1): getViews('D:\\Laravel Proj...', Object(Illuminate\Filesystem\Filesystem))
#3 {main}
  thrown {"exception":"[object] (Symfony\\Component\\Debug\\Exception\\FatalErrorException(code: 1): Uncaught Symfony\\Component\\Finder\\Exception\\DirectoryNotFoundException: The \"D:\\Laravel Project\\Clicky Pos 4.7.8\\POS-V4.7.8\\custom_views\" directory does not exist. in D:\\Laravel Project\\Clicky Pos 4.7.8\\POS-V4.7.8\\vendor\\symfony\\finder\\Finder.php:603
Stack trace:
#0 D:\\Laravel Project\\Clicky Pos 4.7.8\\POS-V4.7.8\\vendor\\laravel\\framework\\src\\Illuminate\\Filesystem\\Filesystem.php(414): Symfony\\Component\\Finder\\Finder->in('D:\\\\Laravel Proj...')
#1 Command line code(1): Illuminate\\Filesystem\\Filesystem->files('D:\\\\Laravel Proj...')
#2 Command line code(1): getViews('D:\\\\Laravel Proj...', Object(Illuminate\\Filesystem\\Filesystem))
#3 {main}
  thrown at D:\\Laravel Project\\Clicky Pos 4.7.8\\POS-V4.7.8\\vendor\\symfony\\finder\\Finder.php:603)
[stacktrace]
#0 {main}
"} 
[2023-11-30 06:05:06] local.ERROR: Uncaught Symfony\Component\Finder\Exception\DirectoryNotFoundException: The "D:\Laravel Project\Clicky Pos 4.7.8\POS-V4.7.8\custom_views" directory does not exist. in D:\Laravel Project\Clicky Pos 4.7.8\POS-V4.7.8\vendor\symfony\finder\Finder.php:603
Stack trace:
#0 D:\Laravel Project\Clicky Pos 4.7.8\POS-V4.7.8\vendor\laravel\framework\src\Illuminate\Filesystem\Filesystem.php(414): Symfony\Component\Finder\Finder->in('D:\\Laravel Proj...')
#1 Command line code(1): Illuminate\Filesystem\Filesystem->files('D:\\Laravel Proj...')
#2 Command line code(1): getViews('D:\\Laravel Proj...', Object(Illuminate\Filesystem\Filesystem))
#3 {main}
  thrown {"exception":"[object] (Symfony\\Component\\Debug\\Exception\\FatalErrorException(code: 1): Uncaught Symfony\\Component\\Finder\\Exception\\DirectoryNotFoundException: The \"D:\\Laravel Project\\Clicky Pos 4.7.8\\POS-V4.7.8\\custom_views\" directory does not exist. in D:\\Laravel Project\\Clicky Pos 4.7.8\\POS-V4.7.8\\vendor\\symfony\\finder\\Finder.php:603
Stack trace:
#0 D:\\Laravel Project\\Clicky Pos 4.7.8\\POS-V4.7.8\\vendor\\laravel\\framework\\src\\Illuminate\\Filesystem\\Filesystem.php(414): Symfony\\Component\\Finder\\Finder->in('D:\\\\Laravel Proj...')
#1 Command line code(1): Illuminate\\Filesystem\\Filesystem->files('D:\\\\Laravel Proj...')
#2 Command line code(1): getViews('D:\\\\Laravel Proj...', Object(Illuminate\\Filesystem\\Filesystem))
#3 {main}
  thrown at D:\\Laravel Project\\Clicky Pos 4.7.8\\POS-V4.7.8\\vendor\\symfony\\finder\\Finder.php:603)
[stacktrace]
#0 {main}
"} 
